<?xml version="1.0" encoding="UTF-8"?>
<!-- Generated by org.testng.reporters.JUnitReportReporter -->
<testsuite hostname="Ventive" name="com.qa.test.DemoTest2" tests="1" failures="0" timestamp="2 Jan 2019 01:08:37 GMT" time="0.001" errors="0">
  <testcase name="sum" time="0.001" classname="com.qa.test.DemoTest2"/>
</testsuite> <!-- com.qa.test.DemoTest2 -->
