<?xml version="1.0" encoding="UTF-8"?>
<!-- Generated by org.testng.reporters.JUnitReportReporter -->
<testsuite hostname="Ventive" name="com.qa.test.DemoTest" tests="1" failures="0" timestamp="2 Jan 2019 01:08:37 GMT" time="0.027" errors="0">
  <testcase name="sum" time="0.027" classname="com.qa.test.DemoTest"/>
</testsuite> <!-- com.qa.test.DemoTest -->
